TN:
SF:src/app.ts
FN:21,(anonymous_12)
FN:32,(anonymous_13)
FN:38,(anonymous_14)
FN:42,(anonymous_15)
FN:46,(anonymous_16)
FN:55,(anonymous_18)
FNF:6
FNH:6
FNDA:1,(anonymous_12)
FNDA:1,(anonymous_13)
FNDA:1,(anonymous_14)
FNDA:1,(anonymous_15)
FNDA:1,(anonymous_16)
FNDA:1,(anonymous_18)
DA:2,1
DA:3,1
DA:4,1
DA:5,1
DA:7,1
DA:10,1
DA:12,1
DA:13,1
DA:16,1
DA:22,1
DA:23,1
DA:24,1
DA:25,1
DA:26,1
DA:28,1
DA:29,1
DA:33,1
DA:34,1
DA:35,1
DA:39,1
DA:43,1
DA:47,1
DA:48,1
DA:49,1
DA:50,1
DA:51,1
DA:52,1
DA:56,1
LF:28
LH:28
BRF:0
BRH:0
end_of_record
TN:
SF:src/main.ts
FN:23,(anonymous_7)
FN:34,bootstrap
FNF:2
FNH:2
FNDA:1,(anonymous_7)
FNDA:1,bootstrap
DA:1,1
DA:3,1
DA:4,1
DA:6,1
DA:8,1
DA:9,1
DA:10,1
DA:14,1
DA:15,1
DA:16,1
DA:23,1
DA:24,1
DA:25,1
DA:26,1
DA:27,1
DA:28,1
DA:29,1
DA:30,1
DA:31,1
DA:35,1
DA:36,1
DA:37,1
DA:38,1
DA:39,1
DA:42,1
LF:25
LH:25
BRF:0
BRH:0
end_of_record
TN:
SF:src/types.ts
FNF:0
FNH:0
DA:1,1
LF:1
LH:1
BRF:0
BRH:0
end_of_record
TN:
SF:src/common/auth.guard.ts
FN:5,(anonymous_0)
FNF:1
FNH:1
FNDA:2,(anonymous_0)
DA:4,1
DA:6,2
DA:7,1
DA:9,1
LF:4
LH:4
BRDA:6,0,0,1
BRF:1
BRH:1
end_of_record
TN:
SF:src/common/auth.middleware.ts
FN:6,(anonymous_0)
FN:8,(anonymous_1)
FN:10,(anonymous_2)
FNF:3
FNH:3
FNDA:1,(anonymous_0)
FNDA:6,(anonymous_1)
FNDA:2,(anonymous_2)
DA:3,1
DA:5,1
DA:6,1
DA:9,6
DA:10,2
DA:11,2
DA:12,1
DA:13,1
DA:14,1
DA:15,1
DA:19,4
LF:11
LH:11
BRDA:9,0,0,2
BRDA:9,0,1,4
BRDA:11,1,0,1
BRDA:11,1,1,1
BRDA:13,2,0,1
BRF:5
BRH:5
end_of_record
TN:
SF:src/common/base.controller.ts
FN:13,(anonymous_2)
FN:18,(anonymous_3)
FN:22,(anonymous_4)
FN:27,(anonymous_5)
FN:31,(anonymous_6)
FN:35,(anonymous_7)
FN:38,(anonymous_8)
FNF:7
FNH:6
FNDA:1,(anonymous_2)
FNDA:4,(anonymous_3)
FNDA:3,(anonymous_4)
FNDA:3,(anonymous_5)
FNDA:0,(anonymous_6)
FNDA:1,(anonymous_7)
FNDA:3,(anonymous_8)
DA:1,1
DA:2,1
DA:3,1
DA:9,1
DA:14,1
DA:15,1
DA:19,4
DA:23,3
DA:24,3
DA:28,3
DA:32,0
DA:36,1
DA:37,3
DA:38,3
DA:39,3
DA:40,3
DA:42,3
DA:43,3
LF:18
LH:17
BRDA:38,0,0,0
BRDA:38,0,1,3
BRDA:38,1,0,3
BRDA:38,1,1,3
BRDA:40,2,0,3
BRDA:40,2,1,0
BRF:6
BRH:4
end_of_record
TN:
SF:src/common/validate.middleware.ts
FN:8,(anonymous_0)
FN:10,(anonymous_1)
FN:12,(anonymous_2)
FNF:3
FNH:3
FNDA:2,(anonymous_0)
FNDA:4,(anonymous_1)
FNDA:4,(anonymous_2)
DA:1,1
DA:2,1
DA:7,1
DA:8,2
DA:11,4
DA:12,4
DA:13,4
DA:14,1
DA:16,3
LF:9
LH:9
BRDA:13,0,0,1
BRDA:13,0,1,3
BRDA:13,1,0,0
BRDA:13,1,1,4
BRDA:13,2,0,4
BRDA:13,2,1,4
BRF:6
BRH:5
end_of_record
TN:
SF:src/config/config.service.ts
FN:12,(anonymous_4)
FN:22,(anonymous_5)
FNF:2
FNH:2
FNDA:1,(anonymous_4)
FNDA:3,(anonymous_5)
DA:1,1
DA:2,1
DA:4,1
DA:9,1
DA:12,1
DA:13,1
DA:14,1
DA:15,0
DA:17,1
DA:18,1
DA:23,3
LF:11
LH:10
BRDA:14,0,0,0
BRDA:14,0,1,1
BRF:2
BRH:1
end_of_record
TN:
SF:src/database/prisma.service.ts
FN:11,(anonymous_11)
FN:15,(anonymous_12)
FN:26,(anonymous_14)
FNF:3
FNH:2
FNDA:1,(anonymous_11)
FNDA:1,(anonymous_12)
FNDA:0,(anonymous_14)
DA:1,1
DA:2,1
DA:4,1
DA:8,1
DA:11,1
DA:12,1
DA:16,1
DA:17,1
DA:18,1
DA:20,0
DA:21,0
DA:27,0
DA:28,0
DA:29,0
DA:31,0
DA:32,0
LF:16
LH:9
BRDA:20,0,0,0
BRDA:31,1,0,0
BRF:2
BRH:0
end_of_record
TN:
SF:src/errors/exception.filter.ts
FN:12,(anonymous_4)
FN:14,(anonymous_5)
FNF:2
FNH:2
FNDA:1,(anonymous_4)
FNDA:1,(anonymous_5)
DA:1,1
DA:3,1
DA:5,1
DA:7,1
DA:11,1
DA:12,1
DA:15,1
DA:16,1
DA:17,1
DA:19,0
DA:20,0
LF:11
LH:9
BRDA:15,0,0,1
BRDA:15,0,1,0
BRF:2
BRH:1
end_of_record
TN:
SF:src/errors/http-error.class.ts
FN:5,(anonymous_0)
FNF:1
FNH:1
FNDA:1,(anonymous_0)
DA:1,1
DA:6,1
DA:7,1
DA:8,1
DA:9,1
LF:5
LH:5
BRF:0
BRH:0
end_of_record
TN:
SF:src/logger/logger.service.ts
FN:11,(anonymous_2)
FN:20,(anonymous_3)
FN:24,(anonymous_4)
FN:29,(anonymous_5)
FNF:4
FNH:3
FNDA:1,(anonymous_2)
FNDA:6,(anonymous_3)
FNDA:1,(anonymous_4)
FNDA:0,(anonymous_5)
DA:1,1
DA:2,1
DA:3,1
DA:8,1
DA:12,1
DA:21,6
DA:26,1
DA:30,0
LF:8
LH:7
BRF:0
BRH:0
end_of_record
TN:
SF:src/users/user.entity.ts
FN:5,(anonymous_7)
FN:13,(anonymous_8)
FN:17,(anonymous_9)
FN:21,(anonymous_10)
FN:25,(anonymous_11)
FN:29,(anonymous_13)
FNF:6
FNH:2
FNDA:2,(anonymous_7)
FNDA:0,(anonymous_8)
FNDA:0,(anonymous_9)
FNDA:0,(anonymous_10)
FNDA:0,(anonymous_11)
FNDA:2,(anonymous_13)
DA:1,1
DA:3,1
DA:6,2
DA:7,2
DA:8,2
DA:10,2
DA:14,0
DA:18,0
DA:22,0
DA:26,0
DA:30,2
DA:31,2
LF:12
LH:8
BRDA:10,0,0,2
BRDA:30,1,0,0
BRF:2
BRH:1
end_of_record
TN:
SF:src/users/users.controller.ts
FN:19,(anonymous_11)
FN:47,(anonymous_12)
FN:62,(anonymous_14)
FN:76,(anonymous_16)
FN:85,(anonymous_18)
FN:86,(anonymous_19)
FN:96,(anonymous_20)
FNF:7
FNH:6
FNDA:1,(anonymous_11)
FNDA:3,(anonymous_12)
FNDA:0,(anonymous_14)
FNDA:1,(anonymous_16)
FNDA:2,(anonymous_18)
FNDA:2,(anonymous_19)
FNDA:2,(anonymous_20)
DA:1,1
DA:2,1
DA:5,1
DA:7,1
DA:8,1
DA:10,1
DA:11,1
DA:13,1
DA:15,1
DA:18,1
DA:20,1
DA:21,1
DA:22,1
DA:24,1
DA:25,1
DA:52,3
DA:54,3
DA:55,1
DA:58,2
DA:59,2
DA:67,0
DA:69,0
DA:70,0
DA:73,0
DA:81,1
DA:82,1
DA:86,2
DA:87,2
DA:97,2
DA:98,2
LF:30
LH:26
BRDA:54,0,0,1
BRDA:69,1,0,0
BRDA:82,2,0,0
BRDA:82,2,1,1
BRDA:82,3,0,1
BRDA:82,3,1,1
BRDA:82,4,0,0
BRDA:82,4,1,1
BRDA:82,5,0,1
BRDA:82,5,1,1
BRDA:97,6,0,0
BRF:11
BRH:7
end_of_record
TN:
SF:src/users/users.repository.ts
FN:10,(anonymous_11)
FN:12,(anonymous_12)
FN:15,(anonymous_14)
FNF:3
FNH:2
FNDA:1,(anonymous_11)
FNDA:0,(anonymous_12)
FNDA:4,(anonymous_14)
DA:2,1
DA:3,1
DA:4,1
DA:9,1
DA:10,1
DA:13,0
DA:16,4
LF:7
LH:6
BRF:0
BRH:0
end_of_record
TN:
SF:src/users/users.service.ts
FN:14,(anonymous_11)
FN:18,(anonymous_12)
FN:30,(anonymous_14)
FN:40,(anonymous_16)
FNF:4
FNH:3
FNDA:1,(anonymous_11)
FNDA:0,(anonymous_12)
FNDA:3,(anonymous_14)
FNDA:1,(anonymous_16)
DA:1,1
DA:3,1
DA:4,1
DA:13,1
DA:15,1
DA:16,1
DA:19,0
DA:20,0
DA:21,0
DA:22,0
DA:23,0
DA:24,0
DA:27,0
DA:31,3
DA:32,3
DA:34,2
DA:35,2
DA:37,2
DA:41,1
LF:19
LH:12
BRDA:23,0,0,0
BRDA:32,1,0,1
BRF:2
BRH:1
end_of_record
TN:
SF:src/users/dto/user-login.dto.ts
FNF:0
FNH:0
DA:1,1
DA:3,1
DA:4,1
DA:7,1
LF:4
LH:4
BRF:0
BRH:0
end_of_record
TN:
SF:src/users/dto/user-register.dto.ts
FNF:0
FNH:0
DA:1,1
DA:3,1
DA:4,1
DA:7,1
DA:10,1
LF:5
LH:5
BRF:0
BRH:0
end_of_record
